<?xml version="1.0" encoding="utf-8"?><testsuites name="pytest tests"><testsuite name="pytest" errors="0" failures="1" skipped="1" tests="17" time="2.589" timestamp="2026-03-30T00:16:39.576903+00:00" hostname="agent-env-b67bf5ea-3327-49c3-a8f4-23a216d2e597"><testcase classname="backend.tests.test_autogestao" name="test_login_success" time="0.428" /><testcase classname="backend.tests.test_autogestao" name="test_login_wrong_password" time="0.276" /><testcase classname="backend.tests.test_autogestao" name="test_get_me" time="0.336" /><testcase classname="backend.tests.test_autogestao" name="test_billing_plans" time="0.052" /><testcase classname="backend.tests.test_autogestao" name="test_billing_subscription" time="0.049" /><testcase classname="backend.tests.test_autogestao" name="test_billing_checkout_returns_url" time="0.404" /><testcase classname="backend.tests.test_autogestao" name="test_billing_plan_upgrade" time="0.101" /><testcase classname="backend.tests.test_autogestao" name="test_admin_dashboard" time="0.052" /><testcase classname="backend.tests.test_autogestao" name="test_get_settings" time="0.048" /><testcase classname="backend.tests.test_autogestao" name="test_update_settings" time="0.053" /><testcase classname="backend.tests.test_autogestao" name="test_create_mechanic" time="0.060"><failure message="assert 403 in [200, 201]&#10; +  where 403 = &lt;Response [403]&gt;.status_code">backend/tests/test_autogestao.py:127: in test_create_mechanic
    assert resp.status_code in [200, 201]
E   assert 403 in [200, 201]
E    +  where 403 = &lt;Response [403]&gt;.status_code</failure></testcase><testcase classname="backend.tests.test_autogestao" name="test_list_mechanics" time="0.050" /><testcase classname="backend.tests.test_autogestao" name="test_create_service" time="0.050" /><testcase classname="backend.tests.test_autogestao" name="test_list_services" time="0.052" /><testcase classname="backend.tests.test_autogestao" name="test_export_excel" time="0.137" /><testcase classname="backend.tests.test_autogestao" name="test_register_workspace" time="0.282" /><testcase classname="backend.tests.test_autogestao" name="test_mechanic_dashboard" time="0.049"><skipped type="pytest.skip" message="Mechanic login failed - skipping mechanic dashboard test">/app/backend/tests/test_autogestao.py:193: Mechanic login failed - skipping mechanic dashboard test</skipped></testcase></testsuite></testsuites>