<?xml version="1.0" encoding="utf-8"?><testsuites name="pytest tests"><testsuite name="pytest" errors="0" failures="0" skipped="0" tests="14" time="2.500" timestamp="2026-03-29T23:16:15.235582+00:00" hostname="agent-env-b67bf5ea-3327-49c3-a8f4-23a216d2e597"><testcase classname="backend.tests.test_autogestao" name="test_login_success" time="0.409" /><testcase classname="backend.tests.test_autogestao" name="test_login_wrong_password" time="0.271" /><testcase classname="backend.tests.test_autogestao" name="test_get_me" time="0.339" /><testcase classname="backend.tests.test_autogestao" name="test_billing_plans" time="0.050" /><testcase classname="backend.tests.test_autogestao" name="test_admin_dashboard" time="0.057" /><testcase classname="backend.tests.test_autogestao" name="test_get_settings" time="0.065" /><testcase classname="backend.tests.test_autogestao" name="test_update_settings" time="0.060" /><testcase classname="backend.tests.test_autogestao" name="test_create_mechanic" time="0.290" /><testcase classname="backend.tests.test_autogestao" name="test_list_mechanics" time="0.048" /><testcase classname="backend.tests.test_autogestao" name="test_create_service" time="0.052" /><testcase classname="backend.tests.test_autogestao" name="test_list_services" time="0.053" /><testcase classname="backend.tests.test_autogestao" name="test_export_excel" time="0.113" /><testcase classname="backend.tests.test_autogestao" name="test_register_workspace" time="0.277" /><testcase classname="backend.tests.test_autogestao" name="test_mechanic_dashboard" time="0.327" /></testsuite></testsuites>